\\algshare\home\my documents\visual studio 2010\Projects\ass3\ass3\Debug\ass3.exe.embed.manifest
\\algshare\home\my documents\visual studio 2010\Projects\ass3\ass3\Debug\ass3.exe.embed.manifest.res
\\ALGSHARE\HOME\MY DOCUMENTS\VISUAL STUDIO 2010\PROJECTS\ASS3\ASS3\DEBUG\ASS3.EXE.INTERMEDIATE.MANIFEST
\\ALGSHARE\HOME\MY DOCUMENTS\VISUAL STUDIO 2010\PROJECTS\ASS3\ASS3\DEBUG\ASS3.OBJ
\\algshare\home\my documents\visual studio 2010\Projects\ass3\ass3\Debug\ass3_manifest.rc
\\algshare\home\my documents\visual studio 2010\Projects\ass3\ass3\Debug\cl.command.1.tlog
\\algshare\home\my documents\visual studio 2010\Projects\ass3\ass3\Debug\CL.read.1.tlog
\\algshare\home\my documents\visual studio 2010\Projects\ass3\ass3\Debug\CL.write.1.tlog
\\ALGSHARE\HOME\MY DOCUMENTS\VISUAL STUDIO 2010\PROJECTS\ASS3\ASS3\DEBUG\COOPSTUDENT.OBJ
\\ALGSHARE\HOME\MY DOCUMENTS\VISUAL STUDIO 2010\PROJECTS\ASS3\ASS3\DEBUG\DBMANAGER.OBJ
\\algshare\home\my documents\visual studio 2010\Projects\ass3\ass3\Debug\link.3340.read.1.tlog
\\algshare\home\my documents\visual studio 2010\Projects\ass3\ass3\Debug\link.3340.write.1.tlog
\\algshare\home\my documents\visual studio 2010\Projects\ass3\ass3\Debug\link.3340-cvtres.read.1.tlog
\\algshare\home\my documents\visual studio 2010\Projects\ass3\ass3\Debug\link.3340-cvtres.write.1.tlog
\\algshare\home\my documents\visual studio 2010\Projects\ass3\ass3\Debug\link.command.1.tlog
\\algshare\home\my documents\visual studio 2010\Projects\ass3\ass3\Debug\link.read.1.tlog
\\algshare\home\my documents\visual studio 2010\Projects\ass3\ass3\Debug\link.write.1.tlog
\\algshare\home\my documents\visual studio 2010\Projects\ass3\ass3\Debug\link-cvtres.read.1.tlog
\\algshare\home\my documents\visual studio 2010\Projects\ass3\ass3\Debug\link-cvtres.write.1.tlog
\\algshare\home\my documents\visual studio 2010\Projects\ass3\ass3\Debug\mt.command.1.tlog
\\algshare\home\my documents\visual studio 2010\Projects\ass3\ass3\Debug\mt.read.1.tlog
\\algshare\home\my documents\visual studio 2010\Projects\ass3\ass3\Debug\mt.write.1.tlog
\\ALGSHARE\HOME\MY DOCUMENTS\VISUAL STUDIO 2010\PROJECTS\ASS3\ASS3\DEBUG\NAME.OBJ
\\algshare\home\my documents\visual studio 2010\Projects\ass3\ass3\Debug\rc.command.1.tlog
\\algshare\home\my documents\visual studio 2010\Projects\ass3\ass3\Debug\rc.read.1.tlog
\\algshare\home\my documents\visual studio 2010\Projects\ass3\ass3\Debug\rc.write.1.tlog
\\ALGSHARE\HOME\MY DOCUMENTS\VISUAL STUDIO 2010\PROJECTS\ASS3\ASS3\DEBUG\REGULARSTUDENT.OBJ
\\ALGSHARE\HOME\MY DOCUMENTS\VISUAL STUDIO 2010\PROJECTS\ASS3\ASS3\DEBUG\STUDENT.OBJ
\\algshare\home\my documents\visual studio 2010\Projects\ass3\ass3\Debug\vc100.idb
\\ALGSHARE\HOME\MY DOCUMENTS\VISUAL STUDIO 2010\PROJECTS\ASS3\ASS3\DEBUG\VC100.PDB
\\ALGSHARE\HOME\MY DOCUMENTS\VISUAL STUDIO 2010\PROJECTS\ASS3\DEBUG\ASS3.EXE
\\ALGSHARE\HOME\MY DOCUMENTS\VISUAL STUDIO 2010\PROJECTS\ASS3\DEBUG\ASS3.ILK
\\ALGSHARE\HOME\MY DOCUMENTS\VISUAL STUDIO 2010\PROJECTS\ASS3\DEBUG\ASS3.PDB
